#
# A fatal error has been detected by the Java Runtime Environment:
#
#  Internal Error (os_windows_x86.cpp:143), pid=33420, tid=39300
#  guarantee(result == EXCEPTION_CONTINUE_EXECUTION) failed: Unexpected result from topLevelExceptionFilter
#
# JRE version: OpenJDK Runtime Environment (23.0+37) (build 23+37-2369)
# Java VM: OpenJDK 64-Bit Server VM (23+37-2369, mixed mode, emulated-client, sharing, tiered, compressed oops, compressed class ptrs, g1 gc, windows-amd64)
# No core dump will be written. Minidumps are not enabled by default on client versions of Windows
#
# If you would like to submit a bug report, please visit:
#   https://bugreport.java.com/bugreport/crash.jsp
# The crash happened outside the Java Virtual Machine in native code.
# See problematic frame for where to report the bug.
#

---------------  S U M M A R Y ------------

Command Line: -agentlib:jdwp=transport=dt_socket,address=127.0.0.1:55460,suspend=y,server=n -XX:TieredStopAtLevel=1 -Dspring.output.ansi.enabled=always -Dcom.sun.management.jmxremote -Dspring.jmx.enabled=true -Dspring.liveBeansView.mbeanDomain -Dspring.application.admin.enabled=true -Dmanagement.endpoints.jmx.exposure.include=* -javaagent:C:\Users\Hansangmin\AppData\Local\JetBrains\IntelliJIdea2024.2\captureAgent\debugger-agent.jar -Dkotlinx.coroutines.debug.enable.creation.stack.trace=false -Ddebugger.agent.enable.coroutines=true -Dfile.encoding=UTF-8 -Dsun.stdout.encoding=UTF-8 -Dsun.stderr.encoding=UTF-8 com.example.demo.Demo1Application

Host: AMD Ryzen 9 7845HX with Radeon Graphics        , 24 cores, 31G,  Windows 11 , 64 bit Build 22621 (10.0.22621.3958)
Time: Fri Oct 11 11:31:33 2024 Korea Standard Time elapsed time: 189.255059 seconds (0d 0h 3m 9s)

---------------  T H R E A D  ---------------

Current thread (0x000002a9750dfcd0):  JavaThread "https-jsse-nio-8443-exec-6" daemon [_thread_in_native, id=39300, stack(0x000000ee74500000,0x000000ee74600000) (1024K)]

Stack: [0x000000ee74500000,0x000000ee74600000]
Native frames: (J=compiled Java code, j=interpreted, Vv=VM code, C=native code)
